[debug] [2025-03-21T15:00:57.843Z] ----------------------------------------------------------------------
[debug] [2025-03-21T15:00:57.846Z] Command:       C:\Program Files\node.exe C:\Users\HIMAJA\AppData\Roaming\npm\node_modules\firebase-tools\lib\bin\firebase.js init
[debug] [2025-03-21T15:00:57.846Z] CLI Version:   13.35.1
[debug] [2025-03-21T15:00:57.846Z] Platform:      win32
[debug] [2025-03-21T15:00:57.847Z] Node Version:  v22.14.0
[debug] [2025-03-21T15:00:57.847Z] Time:          Fri Mar 21 2025 20:30:57 GMT+0530 (India Standard Time)
[debug] [2025-03-21T15:00:57.847Z] ----------------------------------------------------------------------
[debug] 
[debug] [2025-03-21T15:00:57.853Z] > command requires scopes: ["email","openid","https://www.googleapis.com/auth/cloudplatformprojects.readonly","https://www.googleapis.com/auth/firebase","https://www.googleapis.com/auth/cloud-platform"]
[debug] [2025-03-21T15:00:57.854Z] > authorizing via signed-in user (himajaambati03@gmail.com)
[info] 
     ######## #### ########  ######## ########     ###     ######  ########
     ##        ##  ##     ## ##       ##     ##  ##   ##  ##       ##
     ######    ##  ########  ######   ########  #########  ######  ######
     ##        ##  ##    ##  ##       ##     ## ##     ##       ## ##
     ##       #### ##     ## ######## ########  ##     ##  ######  ########

You're about to initialize a Firebase project in this directory:

  C:\Users\HIMAJA\realtime-text-editor

[info] 
=== Project Setup
[info] 
[info] First, let's associate this project directory with a Firebase project.
[info] You can create multiple project aliases by running firebase use --add, 
[info] but for now we'll just set up a default project.
[info] 
[debug] [2025-03-21T15:01:42.888Z] Checked if tokens are valid: true, expires at: 1742572471430
[debug] [2025-03-21T15:01:42.889Z] Checked if tokens are valid: true, expires at: 1742572471430
[debug] [2025-03-21T15:01:42.891Z] >>> [apiv2][query] GET https://firebase.googleapis.com/v1beta1/projects pageSize=100
[debug] [2025-03-21T15:01:43.807Z] <<< [apiv2][status] GET https://firebase.googleapis.com/v1beta1/projects 200
[debug] [2025-03-21T15:01:43.808Z] <<< [apiv2][body] GET https://firebase.googleapis.com/v1beta1/projects [omitted]
[info] i  Using project real-time-text-editor-dcc8c (Real time text editor ) 
[info] 
=== Hosting Setup
[debug] [2025-03-21T15:01:52.538Z] Checked if tokens are valid: true, expires at: 1742572471430
[debug] [2025-03-21T15:01:52.538Z] Checked if tokens are valid: true, expires at: 1742572471430
[debug] [2025-03-21T15:01:52.538Z] >>> [apiv2][query] GET https://firebase.googleapis.com/v1beta1/projects/real-time-text-editor-dcc8c [none]
[debug] [2025-03-21T15:01:53.201Z] <<< [apiv2][status] GET https://firebase.googleapis.com/v1beta1/projects/real-time-text-editor-dcc8c 200
[debug] [2025-03-21T15:01:53.201Z] <<< [apiv2][body] GET https://firebase.googleapis.com/v1beta1/projects/real-time-text-editor-dcc8c {"projectId":"real-time-text-editor-dcc8c","projectNumber":"293074666330","displayName":"Real time text editor ","name":"projects/real-time-text-editor-dcc8c","resources":{"hostingSite":"real-time-text-editor-dcc8c","realtimeDatabaseInstance":"real-time-text-editor-dcc8c-default-rtdb"},"state":"ACTIVE","etag":"1_8642314f-de24-41f2-9437-02bbff769ee1"}
[info] 
[info] Your public directory is the folder (relative to your project directory) that
[info] will contain Hosting assets to be uploaded with firebase deploy. If you
[info] have a build process for your assets, use your build's output directory.
[info] 
[debug] [2025-03-21T15:03:34.212Z] >>> [apiv2][query] GET https://www.gstatic.com/firebasejs/releases.json [none]
[debug] [2025-03-21T15:03:34.431Z] <<< [apiv2][status] GET https://www.gstatic.com/firebasejs/releases.json 200
[debug] [2025-03-21T15:03:34.432Z] <<< [apiv2][body] GET https://www.gstatic.com/firebasejs/releases.json {"current":{"version":"11.5.0","browserURL":"https://www.gstatic.com/firebasejs/11.5.0/firebase.js","packageURL":"https://www.gstatic.com/firebasejs/11.5.0/firebase.tgz"},"live":{"version":"11.5","browserURL":"https://www.gstatic.com/firebasejs/live/11.5/firebase.js","packageURL":"https://www.gstatic.com/firebasejs/live/11.5/firebase.tgz"},"components":{"analytics":"https://www.gstatic.com/firebasejs/11.5.0/firebase-analytics.js","app":"https://www.gstatic.com/firebasejs/11.5.0/firebase-app.js","app-check":"https://www.gstatic.com/firebasejs/11.5.0/firebase-app-check.js","auth":"https://www.gstatic.com/firebasejs/11.5.0/firebase-auth.js","auth/cordova":"https://www.gstatic.com/firebasejs/11.5.0/firebase-auth/cordova.js","auth/web-extension":"https://www.gstatic.com/firebasejs/11.5.0/firebase-auth/web-extension.js","functions":"https://www.gstatic.com/firebasejs/11.5.0/firebase-functions.js","firestore":"https://www.gstatic.com/firebasejs/11.5.0/firebase-firestore.js","firestore/lite":"https://www.gstatic.com/firebasejs/11.5.0/firebase-firestore/lite.js","installations":"https://www.gstatic.com/firebasejs/11.5.0/firebase-installations.js","storage":"https://www.gstatic.com/firebasejs/11.5.0/firebase-storage.js","performance":"https://www.gstatic.com/firebasejs/11.5.0/firebase-performance.js","remote-config":"https://www.gstatic.com/firebasejs/11.5.0/firebase-remote-config.js","messaging":"https://www.gstatic.com/firebasejs/11.5.0/firebase-messaging.js","messaging/sw":"https://www.gstatic.com/firebasejs/11.5.0/firebase-messaging/sw.js","database":"https://www.gstatic.com/firebasejs/11.5.0/firebase-database.js","vertexai":"https://www.gstatic.com/firebasejs/11.5.0/firebase-vertexai.js","data-connect":"https://www.gstatic.com/firebasejs/11.5.0/firebase-data-connect.js","firestore.memory":"https://www.gstatic.com/firebasejs/11.5.0/firebase-firestore.memory.js"}}
[info] i  Skipping write of public/index.html 
[info] 
[info] i  Didn't detect a .git folder. Assuming C:\Users\HIMAJA\realtime-text-editor is the project root. 
[info] i  Authorizing with GitHub to upload your service account to a GitHub repository's secrets store. 
[info] 
[info] Visit this URL on this device to log in:
[info] https://github.com/login/oauth/authorize?client_id=89cf50f02ac6aaed3484&state=300202614&redirect_uri=http%3A%2F%2Flocalhost%3A9005&scope=read%3Auser%20repo%20public_repo
[info] 
[info] Waiting for authentication...
[debug] [2025-03-21T15:04:24.559Z] >>> [apiv2][query] POST https://github.com/login/oauth/access_token [none]
[debug] [2025-03-21T15:04:24.559Z] >>> [apiv2][body] POST https://github.com/login/oauth/access_token [stream]
[debug] [2025-03-21T15:04:24.956Z] <<< [apiv2][status] POST https://github.com/login/oauth/access_token 200
[debug] [2025-03-21T15:04:24.956Z] <<< [apiv2][body] POST https://github.com/login/oauth/access_token {"access_token":"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","token_type":"bearer","scope":"read:user,repo"}
[debug] [2025-03-21T15:04:24.964Z] >>> [apiv2][query] GET https://api.github.com/user [none]
[debug] [2025-03-21T15:04:25.378Z] <<< [apiv2][status] GET https://api.github.com/user 200
[debug] [2025-03-21T15:04:25.378Z] <<< [apiv2][body] GET https://api.github.com/user {"login":"HimajaAmbati","id":158838142,"node_id":"U_kgDOCXetfg","avatar_url":"https://avatars.githubusercontent.com/u/158838142?v=4","gravatar_id":"","url":"https://api.github.com/users/HimajaAmbati","html_url":"https://github.com/HimajaAmbati","followers_url":"https://api.github.com/users/HimajaAmbati/followers","following_url":"https://api.github.com/users/HimajaAmbati/following{/other_user}","gists_url":"https://api.github.com/users/HimajaAmbati/gists{/gist_id}","starred_url":"https://api.github.com/users/HimajaAmbati/starred{/owner}{/repo}","subscriptions_url":"https://api.github.com/users/HimajaAmbati/subscriptions","organizations_url":"https://api.github.com/users/HimajaAmbati/orgs","repos_url":"https://api.github.com/users/HimajaAmbati/repos","events_url":"https://api.github.com/users/HimajaAmbati/events{/privacy}","received_events_url":"https://api.github.com/users/HimajaAmbati/received_events","type":"User","user_view_type":"private","site_admin":false,"name":null,"company":null,"blog":"","location":null,"email":null,"hireable":null,"bio":null,"twitter_username":null,"notification_email":null,"public_repos":9,"public_gists":0,"followers":0,"following":1,"created_at":"2024-02-04T16:02:41Z","updated_at":"2025-03-18T16:08:09Z","private_gists":0,"total_private_repos":0,"owned_private_repos":0,"disk_usage":5757,"collaborators":0,"two_factor_authentication":false,"plan":{"name":"free","space":976562499,"collaborators":0,"private_repos":10000}}
[info] 
[info] +  Success! Logged into GitHub as HimajaAmbati 
[info] 
